<?xml version="1.0" encoding="UTF-8"?>
<!-- Generated by org.testng.reporters.JUnitXMLReporter -->
<testsuite ignored="0" hostname="NitinsDesktop007" failures="0" tests="1" name="Test" time="0.315" errors="0" timestamp="2025-08-10T19:32:28 IST">
  <testcase classname="testbase.BaseClass" name="@BeforeClass setup" time="0.009">
    <failure type="java.lang.IllegalArgumentException" message="Invalid execution_env in config.properties: local;">
      <![CDATA[java.lang.IllegalArgumentException: Invalid execution_env in config.properties: local;
at testbase.BaseClass.setup(BaseClass.java:104)
at java.base/java.util.ArrayList.forEach(ArrayList.java:1511)
... Removed 25 stack frames]]>
    </failure>
  </testcase> <!-- @BeforeClass setup -->
  <testcase classname="testbase.BaseClass" name="@AfterClass tearDown" time="-1.754834548665E9">
    <skipped/>
  </testcase> <!-- @AfterClass tearDown -->
  <testcase classname="testCase.TC0002_LoginTest" name="verify_login" time="0.0">
    <skipped/>
  </testcase> <!-- verify_login -->
</testsuite> <!-- Test -->
