<?xml version="1.0" encoding="UTF-8"?>
<testng-results ignored="0" total="1" passed="1" failed="0" skipped="0">
  <reporter-output>
  </reporter-output>
  <suite started-at="2025-08-05T22:25:50 IST" name="Suite" finished-at="2025-08-05T22:26:00 IST" duration-ms="9716">
    <groups>
    </groups>
    <test started-at="2025-08-05T22:25:50 IST" name="Test" finished-at="2025-08-05T22:26:00 IST" duration-ms="9716">
      <class name="testCase.TC0002_LoginTest">
        <test-method is-config="true" signature="setup(java.lang.String,java.lang.String)[pri:0, instance:testCase.TC0002_LoginTest@4dbb42b7]" started-at="2025-08-05T22:25:50 IST" name="setup" finished-at="2025-08-05T22:25:57 IST" duration-ms="6590" status="PASS">
          <params>
            <param index="0">
              <value>
                <![CDATA[Windows]]>
              </value>
            </param>
            <param index="1">
              <value>
                <![CDATA[chrome]]>
              </value>
            </param>
          </params>
          <reporter-output>
          </reporter-output>
        </test-method> <!-- setup -->
        <test-method signature="verify_login()[pri:0, instance:testCase.TC0002_LoginTest@4dbb42b7]" started-at="2025-08-05T22:25:57 IST" name="verify_login" finished-at="2025-08-05T22:25:59 IST" duration-ms="2412" status="PASS">
          <reporter-output>
          </reporter-output>
        </test-method> <!-- verify_login -->
        <test-method is-config="true" signature="tearDown()[pri:0, instance:testCase.TC0002_LoginTest@4dbb42b7]" started-at="2025-08-05T22:25:59 IST" name="tearDown" finished-at="2025-08-05T22:26:00 IST" duration-ms="675" status="PASS">
          <reporter-output>
          </reporter-output>
        </test-method> <!-- tearDown -->
      </class> <!-- testCase.TC0002_LoginTest -->
    </test> <!-- Test -->
  </suite> <!-- Suite -->
</testng-results>
